[0m14:28:58.509191 [debug] [MainThread]: Sending event: {'category': 'dbt', 'action': 'invocation', 'label': 'start', 'context': [<snowplow_tracker.self_describing_json.SelfDescribingJson object at 0x105267080>, <snowplow_tracker.self_describing_json.SelfDescribingJson object at 0x105291790>, <snowplow_tracker.self_describing_json.SelfDescribingJson object at 0x105291490>]}


============================== 14:28:58.512000 | c873fe00-0d30-48ed-a712-d5ee3981d9a7 ==============================
[0m14:28:58.512000 [info ] [MainThread]: Running with dbt=1.7.17
[0m14:28:58.512295 [debug] [MainThread]: running dbt with arguments {'printer_width': '80', 'indirect_selection': 'eager', 'write_json': 'True', 'log_cache_events': 'False', 'partial_parse': 'True', 'cache_selected_only': 'False', 'warn_error': 'None', 'version_check': 'True', 'debug': 'False', 'log_path': 'logs', 'profiles_dir': '/Users/michham/.dbt', 'fail_fast': 'False', 'use_colors': 'True', 'use_experimental_parser': 'False', 'no_print': 'None', 'quiet': 'False', 'warn_error_options': 'WarnErrorOptions(include=[], exclude=[])', 'invocation_command': 'dbt init risingwave_demo', 'introspect': 'True', 'log_format': 'default', 'target_path': 'None', 'static_parser': 'True', 'send_anonymous_usage_stats': 'True'}
[0m14:28:58.512579 [warn ] [MainThread]: [ConfigFolderDirectory]: Unable to parse dict {'dir': PosixPath('/Users/michham/.dbt')}
[0m14:28:58.512744 [info ] [MainThread]: Creating dbt configuration folder at 
[0m14:28:58.513210 [debug] [MainThread]: Starter project path: /Users/michham/github/risingwave-dbt/dbt/.venv/lib/python3.12/site-packages/dbt/include/starter_project
[0m14:28:58.515613 [info ] [MainThread]: 
Your new dbt project "risingwave_demo" was created!

For more information on how to configure the profiles.yml file,
please consult the dbt documentation here:

  https://docs.getdbt.com/docs/configure-your-profile

One more thing:

Need help? Don't hesitate to reach out to us via GitHub issues or on Slack:

  https://community.getdbt.com/

Happy modeling!

[0m14:28:58.515775 [info ] [MainThread]: Setting up your profile.
[0m14:30:04.946950 [info ] [MainThread]: Profile risingwave_demo written to /Users/michham/.dbt/profiles.yml using target's profile_template.yml and your supplied values. Run 'dbt debug' to validate the connection.
[0m14:30:04.951018 [debug] [MainThread]: Resource report: {"command_name": "init", "command_success": true, "command_wall_clock_time": 66.466034, "process_user_time": 0.872498, "process_kernel_time": 0.118365, "process_mem_max_rss": "102825984", "process_in_blocks": "0", "process_out_blocks": "0"}
[0m14:30:04.952308 [debug] [MainThread]: Command `dbt init` succeeded at 14:30:04.952063 after 66.47 seconds
[0m14:30:04.952957 [debug] [MainThread]: Sending event: {'category': 'dbt', 'action': 'invocation', 'label': 'end', 'context': [<snowplow_tracker.self_describing_json.SelfDescribingJson object at 0x1056a6e10>, <snowplow_tracker.self_describing_json.SelfDescribingJson object at 0x1056c9610>, <snowplow_tracker.self_describing_json.SelfDescribingJson object at 0x104f5acc0>]}
[0m14:30:04.953583 [debug] [MainThread]: Flushing usage events
[0m14:36:27.338654 [debug] [MainThread]: Sending event: {'category': 'dbt', 'action': 'invocation', 'label': 'start', 'context': [<snowplow_tracker.self_describing_json.SelfDescribingJson object at 0x105953b30>, <snowplow_tracker.self_describing_json.SelfDescribingJson object at 0x1059a9820>, <snowplow_tracker.self_describing_json.SelfDescribingJson object at 0x1059a94f0>]}


============================== 14:36:27.341194 | b43702f1-9854-4585-a023-8dc14213f100 ==============================
[0m14:36:27.341194 [info ] [MainThread]: Running with dbt=1.7.17
[0m14:36:27.341462 [debug] [MainThread]: running dbt with arguments {'printer_width': '80', 'indirect_selection': 'eager', 'log_cache_events': 'False', 'write_json': 'True', 'partial_parse': 'True', 'cache_selected_only': 'False', 'warn_error': 'None', 'debug': 'False', 'version_check': 'True', 'log_path': 'logs', 'profiles_dir': '.', 'fail_fast': 'False', 'use_colors': 'True', 'use_experimental_parser': 'False', 'no_print': 'None', 'quiet': 'False', 'log_format': 'default', 'introspect': 'True', 'warn_error_options': 'WarnErrorOptions(include=[], exclude=[])', 'static_parser': 'True', 'target_path': 'None', 'invocation_command': 'dbt debug --profiles-dir .', 'send_anonymous_usage_stats': 'True'}
[0m14:36:27.341751 [info ] [MainThread]: dbt version: 1.7.17
[0m14:36:27.341895 [info ] [MainThread]: python version: 3.12.3
[0m14:36:27.342024 [info ] [MainThread]: python path: /Users/michham/github/risingwave-dbt/dbt/.venv/bin/python
[0m14:36:27.342152 [info ] [MainThread]: os info: macOS-14.5-arm64-arm-64bit
[0m14:36:27.342300 [info ] [MainThread]: Using profiles dir at .
[0m14:36:27.342421 [info ] [MainThread]: Using profiles.yml file at ./profiles.yml
[0m14:36:27.342546 [info ] [MainThread]: Using dbt_project.yml file at /Users/michham/github/risingwave-dbt/dbt/dbt_project.yml
[0m14:36:27.342673 [info ] [MainThread]: Configuration:
[0m14:36:27.342798 [info ] [MainThread]:   profiles.yml file [[31mERROR not found[0m]
[0m14:36:27.342923 [info ] [MainThread]:   dbt_project.yml file [[31mERROR not found[0m]
[0m14:36:27.343042 [info ] [MainThread]: Required dependencies:
[0m14:36:27.343196 [debug] [MainThread]: Executing "git --help"
[0m14:36:27.353323 [debug] [MainThread]: STDOUT: "b"usage: git [-v | --version] [-h | --help] [-C <path>] [-c <name>=<value>]\n           [--exec-path[=<path>]] [--html-path] [--man-path] [--info-path]\n           [-p | --paginate | -P | --no-pager] [--no-replace-objects] [--bare]\n           [--git-dir=<path>] [--work-tree=<path>] [--namespace=<name>]\n           [--config-env=<name>=<envvar>] <command> [<args>]\n\nThese are common Git commands used in various situations:\n\nstart a working area (see also: git help tutorial)\n   clone     Clone a repository into a new directory\n   init      Create an empty Git repository or reinitialize an existing one\n\nwork on the current change (see also: git help everyday)\n   add       Add file contents to the index\n   mv        Move or rename a file, a directory, or a symlink\n   restore   Restore working tree files\n   rm        Remove files from the working tree and from the index\n\nexamine the history and state (see also: git help revisions)\n   bisect    Use binary search to find the commit that introduced a bug\n   diff      Show changes between commits, commit and working tree, etc\n   grep      Print lines matching a pattern\n   log       Show commit logs\n   show      Show various types of objects\n   status    Show the working tree status\n\ngrow, mark and tweak your common history\n   branch    List, create, or delete branches\n   commit    Record changes to the repository\n   merge     Join two or more development histories together\n   rebase    Reapply commits on top of another base tip\n   reset     Reset current HEAD to the specified state\n   switch    Switch branches\n   tag       Create, list, delete or verify a tag object signed with GPG\n\ncollaborate (see also: git help workflows)\n   fetch     Download objects and refs from another repository\n   pull      Fetch from and integrate with another repository or a local branch\n   push      Update remote refs along with associated objects\n\n'git help -a' and 'git help -g' list available subcommands and some\nconcept guides. See 'git help <command>' or 'git help <concept>'\nto read about a specific subcommand or concept.\nSee 'git help git' for an overview of the system.\n""
[0m14:36:27.353655 [debug] [MainThread]: STDERR: "b''"
[0m14:36:27.353796 [info ] [MainThread]:  - git [[32mOK found[0m]

[0m14:36:27.353941 [info ] [MainThread]: Connection test skipped since no profile was found
[0m14:36:27.354093 [info ] [MainThread]: [31m2 checks failed:[0m
[0m14:36:27.354226 [info ] [MainThread]: dbt looked for a profiles.yml file in ./profiles.yml, but did
not find one. For more information on configuring your profile, consult the
documentation:

https://docs.getdbt.com/docs/configure-your-profile


[0m14:36:27.354363 [info ] [MainThread]: Project loading failed for the following reason:
 project path </Users/michham/github/risingwave-dbt/dbt/dbt_project.yml> not found

[0m14:36:27.355576 [debug] [MainThread]: Resource report: {"command_name": "debug", "command_wall_clock_time": 0.04021696, "process_user_time": 0.771399, "process_kernel_time": 0.083052, "process_mem_max_rss": "99975168", "command_success": false, "process_in_blocks": "0", "process_out_blocks": "0"}
[0m14:36:27.355898 [debug] [MainThread]: Command `dbt debug` failed at 14:36:27.355836 after 0.04 seconds
[0m14:36:27.356131 [debug] [MainThread]: Sending event: {'category': 'dbt', 'action': 'invocation', 'label': 'end', 'context': [<snowplow_tracker.self_describing_json.SelfDescribingJson object at 0x105869a30>, <snowplow_tracker.self_describing_json.SelfDescribingJson object at 0x105085b80>, <snowplow_tracker.self_describing_json.SelfDescribingJson object at 0x1047fd7f0>]}
[0m14:36:27.356349 [debug] [MainThread]: Flushing usage events
[0m15:24:27.947832 [debug] [MainThread]: Sending event: {'category': 'dbt', 'action': 'invocation', 'label': 'start', 'context': [<snowplow_tracker.self_describing_json.SelfDescribingJson object at 0x108451820>, <snowplow_tracker.self_describing_json.SelfDescribingJson object at 0x1081bd910>, <snowplow_tracker.self_describing_json.SelfDescribingJson object at 0x1084a93a0>]}


============================== 15:24:27.950838 | 66a3d5c9-2b97-4b1d-84ce-2b257222ccb9 ==============================
[0m15:24:27.950838 [info ] [MainThread]: Running with dbt=1.7.17
[0m15:24:27.951139 [debug] [MainThread]: running dbt with arguments {'printer_width': '80', 'indirect_selection': 'eager', 'write_json': 'True', 'log_cache_events': 'False', 'partial_parse': 'True', 'cache_selected_only': 'False', 'profiles_dir': '/Users/michham/.dbt', 'fail_fast': 'False', 'warn_error': 'None', 'log_path': 'logs', 'version_check': 'True', 'debug': 'False', 'use_colors': 'True', 'use_experimental_parser': 'False', 'no_print': 'None', 'quiet': 'False', 'log_format': 'default', 'static_parser': 'True', 'warn_error_options': 'WarnErrorOptions(include=[], exclude=[])', 'introspect': 'True', 'target_path': 'None', 'invocation_command': 'dbt init postgres_demo', 'send_anonymous_usage_stats': 'True'}
[0m15:24:27.951763 [debug] [MainThread]: Starter project path: /Users/michham/github/risingwave-dbt/dbt/.venv/lib/python3.12/site-packages/dbt/include/starter_project
[0m15:24:27.954133 [info ] [MainThread]: 
Your new dbt project "postgres_demo" was created!

For more information on how to configure the profiles.yml file,
please consult the dbt documentation here:

  https://docs.getdbt.com/docs/configure-your-profile

One more thing:

Need help? Don't hesitate to reach out to us via GitHub issues or on Slack:

  https://community.getdbt.com/

Happy modeling!

[0m15:24:27.954294 [info ] [MainThread]: Setting up your profile.
[0m15:26:28.375641 [info ] [MainThread]: Profile postgres_demo written to /Users/michham/.dbt/profiles.yml using target's profile_template.yml and your supplied values. Run 'dbt debug' to validate the connection.
[0m15:26:28.380490 [debug] [MainThread]: Resource report: {"command_name": "init", "command_success": true, "command_wall_clock_time": 120.45962, "process_user_time": 0.812567, "process_kernel_time": 0.104591, "process_mem_max_rss": "103448576", "process_in_blocks": "0", "process_out_blocks": "0"}
[0m15:26:28.381441 [debug] [MainThread]: Command `dbt init` succeeded at 15:26:28.381271 after 120.46 seconds
[0m15:26:28.381992 [debug] [MainThread]: Sending event: {'category': 'dbt', 'action': 'invocation', 'label': 'end', 'context': [<snowplow_tracker.self_describing_json.SelfDescribingJson object at 0x107faf4a0>, <snowplow_tracker.self_describing_json.SelfDescribingJson object at 0x107fae5a0>, <snowplow_tracker.self_describing_json.SelfDescribingJson object at 0x1084a93a0>]}
[0m15:26:28.382647 [debug] [MainThread]: Flushing usage events
[0m16:24:05.440653 [debug] [MainThread]: Sending event: {'category': 'dbt', 'action': 'invocation', 'label': 'start', 'context': [<snowplow_tracker.self_describing_json.SelfDescribingJson object at 0x107ee3470>, <snowplow_tracker.self_describing_json.SelfDescribingJson object at 0x107f121e0>, <snowplow_tracker.self_describing_json.SelfDescribingJson object at 0x107f11f40>]}


============================== 16:24:05.444026 | e02aab0c-64ba-4b29-aefa-7ec2f38156fc ==============================
[0m16:24:05.444026 [info ] [MainThread]: Running with dbt=1.7.17
[0m16:24:05.444335 [debug] [MainThread]: running dbt with arguments {'printer_width': '80', 'indirect_selection': 'eager', 'log_cache_events': 'False', 'write_json': 'True', 'partial_parse': 'True', 'cache_selected_only': 'False', 'warn_error': 'None', 'debug': 'False', 'fail_fast': 'False', 'log_path': 'logs', 'profiles_dir': '/Users/michham/.dbt', 'version_check': 'True', 'use_colors': 'True', 'use_experimental_parser': 'False', 'no_print': 'None', 'quiet': 'False', 'warn_error_options': 'WarnErrorOptions(include=[], exclude=[])', 'invocation_command': 'dbt debug', 'static_parser': 'True', 'introspect': 'True', 'target_path': 'None', 'log_format': 'default', 'send_anonymous_usage_stats': 'True'}
[0m16:24:05.444620 [info ] [MainThread]: dbt version: 1.7.17
[0m16:24:05.444770 [info ] [MainThread]: python version: 3.12.3
[0m16:24:05.444911 [info ] [MainThread]: python path: /Users/michham/github/risingwave-dbt/dbt/.venv/bin/python
[0m16:24:05.445042 [info ] [MainThread]: os info: macOS-14.5-arm64-arm-64bit
[0m16:24:05.485434 [info ] [MainThread]: Using profiles dir at /Users/michham/.dbt
[0m16:24:05.485654 [info ] [MainThread]: Using profiles.yml file at /Users/michham/.dbt/profiles.yml
[0m16:24:05.485800 [info ] [MainThread]: Using dbt_project.yml file at /Users/michham/github/risingwave-dbt/dbt/dbt_project.yml
[0m16:24:05.485972 [error] [MainThread]: Encountered an error:
Internal Error
  Profile should not be None if loading profile completed
[0m16:24:05.486810 [debug] [MainThread]: Resource report: {"command_name": "debug", "command_wall_clock_time": 0.07168721, "process_user_time": 0.804954, "process_kernel_time": 0.087273, "process_mem_max_rss": "105758720", "command_success": false, "process_in_blocks": "0", "process_out_blocks": "0"}
[0m16:24:05.487113 [debug] [MainThread]: Command `dbt debug` failed at 16:24:05.487055 after 0.07 seconds
[0m16:24:05.487279 [debug] [MainThread]: Sending event: {'category': 'dbt', 'action': 'invocation', 'label': 'end', 'context': [<snowplow_tracker.self_describing_json.SelfDescribingJson object at 0x107f12180>, <snowplow_tracker.self_describing_json.SelfDescribingJson object at 0x107b624b0>, <snowplow_tracker.self_describing_json.SelfDescribingJson object at 0x107fb1670>]}
[0m16:24:05.487440 [debug] [MainThread]: Flushing usage events
[0m10:43:18.348593 [debug] [MainThread]: Sending event: {'category': 'dbt', 'action': 'invocation', 'label': 'start', 'context': [<snowplow_tracker.self_describing_json.SelfDescribingJson object at 0x111ad9f40>, <snowplow_tracker.self_describing_json.SelfDescribingJson object at 0x11189f770>, <snowplow_tracker.self_describing_json.SelfDescribingJson object at 0x111b12000>]}


============================== 10:43:18.351768 | 7a99e3dc-349d-4b34-8edd-e9aa9869cc8e ==============================
[0m10:43:18.351768 [info ] [MainThread]: Running with dbt=1.7.17
[0m10:43:18.352093 [debug] [MainThread]: running dbt with arguments {'printer_width': '80', 'indirect_selection': 'eager', 'write_json': 'True', 'log_cache_events': 'False', 'partial_parse': 'True', 'cache_selected_only': 'False', 'profiles_dir': '/Users/michham/.dbt', 'debug': 'False', 'version_check': 'True', 'log_path': 'logs', 'warn_error': 'None', 'fail_fast': 'False', 'use_colors': 'True', 'use_experimental_parser': 'False', 'no_print': 'None', 'quiet': 'False', 'log_format': 'default', 'invocation_command': 'dbt init risingwave-enox', 'static_parser': 'True', 'warn_error_options': 'WarnErrorOptions(include=[], exclude=[])', 'target_path': 'None', 'introspect': 'True', 'send_anonymous_usage_stats': 'True'}
[0m10:43:30.115622 [error] [MainThread]: Encountered an error:

[0m10:43:30.124630 [error] [MainThread]: Traceback (most recent call last):
  File "/Users/michham/github/risingwave-dbt/dbt/.venv/lib/python3.12/site-packages/dbt/cli/requires.py", line 91, in wrapper
    result, success = func(*args, **kwargs)
                      ^^^^^^^^^^^^^^^^^^^^^
  File "/Users/michham/github/risingwave-dbt/dbt/.venv/lib/python3.12/site-packages/dbt/cli/requires.py", line 76, in wrapper
    return func(*args, **kwargs)
           ^^^^^^^^^^^^^^^^^^^^^
  File "/Users/michham/github/risingwave-dbt/dbt/.venv/lib/python3.12/site-packages/dbt/cli/main.py", line 516, in init
    results = task.run()
              ^^^^^^^^^^
  File "/Users/michham/github/risingwave-dbt/dbt/.venv/lib/python3.12/site-packages/dbt/task/init.py", line 322, in run
    project_name = self.get_valid_project_name()
                   ^^^^^^^^^^^^^^^^^^^^^^^^^^^^^
  File "/Users/michham/github/risingwave-dbt/dbt/.venv/lib/python3.12/site-packages/dbt/task/init.py", line 276, in get_valid_project_name
    name = click.prompt("Enter a name for your project (letters, digits, underscore)")
           ^^^^^^^^^^^^^^^^^^^^^^^^^^^^^^^^^^^^^^^^^^^^^^^^^^^^^^^^^^^^^^^^^^^^^^^^^^^
  File "/Users/michham/github/risingwave-dbt/dbt/.venv/lib/python3.12/site-packages/click/termui.py", line 164, in prompt
    value = prompt_func(prompt)
            ^^^^^^^^^^^^^^^^^^^
  File "/Users/michham/github/risingwave-dbt/dbt/.venv/lib/python3.12/site-packages/click/termui.py", line 147, in prompt_func
    raise Abort() from None
click.exceptions.Abort

[0m10:43:30.129072 [debug] [MainThread]: Resource report: {"command_name": "init", "command_wall_clock_time": 11.803277, "process_user_time": 0.77616, "process_kernel_time": 0.084786, "process_mem_max_rss": "102531072", "command_success": false, "process_in_blocks": "0", "process_out_blocks": "0"}
[0m10:43:30.129917 [debug] [MainThread]: Command `dbt init` failed at 10:43:30.129715 after 11.80 seconds
[0m10:43:30.131023 [debug] [MainThread]: Sending event: {'category': 'dbt', 'action': 'invocation', 'label': 'end', 'context': [<snowplow_tracker.self_describing_json.SelfDescribingJson object at 0x111953c20>, <snowplow_tracker.self_describing_json.SelfDescribingJson object at 0x111930ec0>, <snowplow_tracker.self_describing_json.SelfDescribingJson object at 0x111ab9a30>]}
[0m10:43:30.131673 [debug] [MainThread]: Flushing usage events
[0m10:43:47.478551 [debug] [MainThread]: Sending event: {'category': 'dbt', 'action': 'invocation', 'label': 'start', 'context': [<snowplow_tracker.self_describing_json.SelfDescribingJson object at 0x11b79e000>, <snowplow_tracker.self_describing_json.SelfDescribingJson object at 0x11b7d6210>, <snowplow_tracker.self_describing_json.SelfDescribingJson object at 0x11b7d5f40>]}


============================== 10:43:47.480814 | 730874e2-8630-488b-bcae-b22f301e51dc ==============================
[0m10:43:47.480814 [info ] [MainThread]: Running with dbt=1.7.17
[0m10:43:47.481121 [debug] [MainThread]: running dbt with arguments {'printer_width': '80', 'indirect_selection': 'eager', 'write_json': 'True', 'log_cache_events': 'False', 'partial_parse': 'True', 'cache_selected_only': 'False', 'warn_error': 'None', 'version_check': 'True', 'debug': 'False', 'log_path': 'logs', 'profiles_dir': '/Users/michham/.dbt', 'fail_fast': 'False', 'use_colors': 'True', 'use_experimental_parser': 'False', 'no_print': 'None', 'quiet': 'False', 'warn_error_options': 'WarnErrorOptions(include=[], exclude=[])', 'static_parser': 'True', 'invocation_command': 'dbt init risingwave_enox', 'introspect': 'True', 'target_path': 'None', 'log_format': 'default', 'send_anonymous_usage_stats': 'True'}
[0m10:43:47.481565 [debug] [MainThread]: Starter project path: /Users/michham/github/risingwave-dbt/dbt/.venv/lib/python3.12/site-packages/dbt/include/starter_project
[0m10:43:47.484903 [info ] [MainThread]: 
Your new dbt project "risingwave_enox" was created!

For more information on how to configure the profiles.yml file,
please consult the dbt documentation here:

  https://docs.getdbt.com/docs/configure-your-profile

One more thing:

Need help? Don't hesitate to reach out to us via GitHub issues or on Slack:

  https://community.getdbt.com/

Happy modeling!

[0m10:43:47.485072 [info ] [MainThread]: Setting up your profile.
[0m10:44:42.050447 [info ] [MainThread]: Profile risingwave_enox written to /Users/michham/.dbt/profiles.yml using target's profile_template.yml and your supplied values. Run 'dbt debug' to validate the connection.
[0m10:44:42.053652 [debug] [MainThread]: Resource report: {"command_name": "init", "command_success": true, "command_wall_clock_time": 54.595642, "process_user_time": 0.80742, "process_kernel_time": 0.076677, "process_mem_max_rss": "104333312", "process_in_blocks": "0", "process_out_blocks": "0"}
[0m10:44:42.054638 [debug] [MainThread]: Command `dbt init` succeeded at 10:44:42.054443 after 54.60 seconds
[0m10:44:42.055242 [debug] [MainThread]: Sending event: {'category': 'dbt', 'action': 'invocation', 'label': 'end', 'context': [<snowplow_tracker.self_describing_json.SelfDescribingJson object at 0x104e61460>, <snowplow_tracker.self_describing_json.SelfDescribingJson object at 0x11b2af8f0>, <snowplow_tracker.self_describing_json.SelfDescribingJson object at 0x119ef63c0>]}
[0m10:44:42.055838 [debug] [MainThread]: Flushing usage events
